<?xml version="1.0" encoding="UTF-8"?>
<!-- Generated by org.testng.reporters.JUnitReportReporter -->
<testsuite hostname="SD08" failures="0" tests="1" name="yunuso.Maven02.TestMavenProject2" time="1.245" errors="0" timestamp="2021-01-22T08:45:29 CST" skipped="0">
  <testcase classname="yunuso.Maven02.TestMavenProject2" name="testMaven01" time="1.245"/>
  <system-out/>
</testsuite> <!-- yunuso.Maven02.TestMavenProject2 -->
