<?xml version="1.0" encoding="UTF-8"?>
<!-- Generated by org.testng.reporters.JUnitReportReporter -->
<testsuite hostname="SD08" failures="0" tests="1" name="yunuso.Maven02.TestMavenProject2" time="0.895" errors="0" timestamp="2021-01-17T20:16:45 CST" skipped="0">
  <testcase classname="yunuso.Maven02.TestMavenProject2" name="testMaven01" time="0.895"/>
  <system-out/>
</testsuite> <!-- yunuso.Maven02.TestMavenProject2 -->
